{"uuid":"c4515340-1d2e-4118-bcf6-3ed7287cda0f","historyId":"eb89c60c2547dc1d972cd7392dd5b3e8","fullName":"feature to test new user registration: user navigate to registration page","labels":[{"name":"tag","value":"3"},{"name":"host","value":"Desktop-AIO"},{"name":"thread","value":"14444@Desktop-AIO.main(1)"},{"name":"feature","value":"feature to test new user registration"},{"name":"story","value":"user navigate to registration page"},{"name":"suite","value":"feature to test new user registration"},{"name":"testClass","value":"user navigate to registration page"},{"name":"framework","value":"cucumber4jvm"},{"name":"language","value":"java"},{"name":"gherkin_uri","value":"file:///C:/Users/yours/git/repository/ds_algo109/src/test/resources/Features/3registration.feature"},{"name":"package","value":"src.test.resources.Features.3registration_feature.feature to test new user registration"}],"links":[],"name":"user navigate to registration page","status":"broken","statusDetails":{"known":false,"muted":false,"flaky":false,"message":"Unable to find element with locator By.name: username\nFor documentation on this error, please visit: https://selenium.dev/exceptions/#no_such_element\nBuild info: version: '4.9.0', revision: 'd7057100a6'\nSystem info: os.name: 'Windows 11', os.arch: 'amd64', os.version: '10.0', java.version: '17.0.7'\nDriver info: driver.version: RemoteWebDriver","trace":"org.openqa.selenium.NoSuchElementException: Unable to find element with locator By.name: username\nFor documentation on this error, please visit: https://selenium.dev/exceptions/#no_such_element\nBuild info: version: '4.9.0', revision: 'd7057100a6'\nSystem info: os.name: 'Windows 11', os.arch: 'amd64', os.version: '10.0', java.version: '17.0.7'\nDriver info: driver.version: RemoteWebDriver\r\n\tat org.openqa.selenium.remote.ElementLocation$ElementFinder$2.findElement(ElementLocation.java:165)\r\n\tat org.openqa.selenium.remote.ElementLocation.findElement(ElementLocation.java:66)\r\n\tat org.openqa.selenium.remote.RemoteWebDriver.findElement(RemoteWebDriver.java:352)\r\n\tat org.openqa.selenium.remote.RemoteWebDriver.findElement(RemoteWebDriver.java:344)\r\n\tat org.openqa.selenium.support.pagefactory.DefaultElementLocator.findElement(DefaultElementLocator.java:70)\r\n\tat org.openqa.selenium.support.pagefactory.internal.LocatingElementHandler.invoke(LocatingElementHandler.java:39)\r\n\tat jdk.proxy2/jdk.proxy2.$Proxy39.sendKeys(Unknown Source)\r\n\tat PageObjects.registrationpage.readusernameandpassword(registrationpage.java:40)\r\n\tat stepdefinitions.registrationsd.user_enter_username_password_confirm_password_from_given_and(registrationsd.java:56)\r\n\tat ✽.user enter username,password,confirm password from given \"Sheet1\" and 0(file:///C:/Users/yours/git/repository/ds_algo109/src/test/resources/Features/3registration.feature:9)\r\n"},"stage":"finished","description":"  I want to use this template for my feature file","steps":[{"name":"Given  user click registration link","status":"passed","statusDetails":{"known":false,"muted":false,"flaky":false},"stage":"finished","steps":[],"attachments":[],"parameters":[],"start":1683417437010,"stop":1683417439246},{"name":"When  user enter username,password,confirm password from given \"Sheet1\" and 0","status":"broken","statusDetails":{"known":false,"muted":false,"flaky":false,"message":"Unable to find element with locator By.name: username\nFor documentation on this error, please visit: https://selenium.dev/exceptions/#no_such_element\nBuild info: version: '4.9.0', revision: 'd7057100a6'\nSystem info: os.name: 'Windows 11', os.arch: 'amd64', os.version: '10.0', java.version: '17.0.7'\nDriver info: driver.version: RemoteWebDriver","trace":"org.openqa.selenium.NoSuchElementException: Unable to find element with locator By.name: username\nFor documentation on this error, please visit: https://selenium.dev/exceptions/#no_such_element\nBuild info: version: '4.9.0', revision: 'd7057100a6'\nSystem info: os.name: 'Windows 11', os.arch: 'amd64', os.version: '10.0', java.version: '17.0.7'\nDriver info: driver.version: RemoteWebDriver\r\n\tat org.openqa.selenium.remote.ElementLocation$ElementFinder$2.findElement(ElementLocation.java:165)\r\n\tat org.openqa.selenium.remote.ElementLocation.findElement(ElementLocation.java:66)\r\n\tat org.openqa.selenium.remote.RemoteWebDriver.findElement(RemoteWebDriver.java:352)\r\n\tat org.openqa.selenium.remote.RemoteWebDriver.findElement(RemoteWebDriver.java:344)\r\n\tat org.openqa.selenium.support.pagefactory.DefaultElementLocator.findElement(DefaultElementLocator.java:70)\r\n\tat org.openqa.selenium.support.pagefactory.internal.LocatingElementHandler.invoke(LocatingElementHandler.java:39)\r\n\tat jdk.proxy2/jdk.proxy2.$Proxy39.sendKeys(Unknown Source)\r\n\tat PageObjects.registrationpage.readusernameandpassword(registrationpage.java:40)\r\n\tat stepdefinitions.registrationsd.user_enter_username_password_confirm_password_from_given_and(registrationsd.java:56)\r\n\tat ✽.user enter username,password,confirm password from given \"Sheet1\" and 0(file:///C:/Users/yours/git/repository/ds_algo109/src/test/resources/Features/3registration.feature:9)\r\n"},"stage":"finished","steps":[],"attachments":[],"parameters":[],"start":1683417439246,"stop":1683417465610},{"name":"Then  user click register button with expected message","status":"skipped","statusDetails":{"known":false,"muted":false,"flaky":false},"stage":"finished","steps":[],"attachments":[],"parameters":[],"start":1683417465615,"stop":1683417465619}],"attachments":[],"parameters":[{"name":"sheetname","value":"Sheet1"},{"name":"rowno","value":"0"}],"start":1683417437003,"stop":1683417465940}